TN:
SF:src/modules/pets/services/CreatePetService.ts
FN:10,(anonymous_18)
FN:12,CreatePetService
FN:20,(anonymous_20)
FNF:3
FNH:0
FNDA:0,(anonymous_18)
FNDA:0,CreatePetService
FNDA:0,(anonymous_20)
DA:1,0
DA:6,0
DA:10,0
DA:14,0
DA:17,0
DA:20,0
DA:22,0
DA:24,0
DA:25,0
DA:28,0
DA:37,0
DA:40,0
DA:42,0
LF:13
LH:0
BRDA:22,0,0,0
BRDA:24,1,0,0
BRDA:24,1,1,0
BRF:3
BRH:0
end_of_record
TN:
SF:src/modules/pets/services/ListPetRecentsService.ts
FN:16,(anonymous_18)
FN:17,ListPetRecentsService
FN:25,(anonymous_20)
FNF:3
FNH:0
FNDA:0,(anonymous_18)
FNDA:0,ListPetRecentsService
FNDA:0,(anonymous_20)
DA:2,0
DA:3,0
DA:16,0
DA:19,0
DA:22,0
DA:25,0
DA:28,0
DA:29,0
DA:31,0
DA:32,0
DA:35,0
DA:38,0
DA:40,0
DA:42,0
LF:14
LH:0
BRDA:38,0,0,0
BRDA:38,0,1,0
BRDA:28,1,0,0
BRDA:28,1,1,0
BRDA:28,2,0,0
BRDA:28,2,1,0
BRDA:31,3,0,0
BRDA:31,3,1,0
BRF:8
BRH:0
end_of_record
TN:
SF:src/modules/pets/services/ListPetsLocationService.ts
FN:13,(anonymous_18)
FN:14,ListPetsLocationService
FN:22,(anonymous_20)
FNF:3
FNH:0
FNDA:0,(anonymous_18)
FNDA:0,ListPetsLocationService
FNDA:0,(anonymous_20)
DA:2,0
DA:3,0
DA:13,0
DA:16,0
DA:19,0
DA:22,0
DA:25,0
DA:26,0
DA:28,0
DA:29,0
DA:32,0
DA:38,0
DA:40,0
DA:42,0
LF:14
LH:0
BRDA:38,0,0,0
BRDA:25,1,0,0
BRDA:25,1,1,0
BRDA:25,2,0,0
BRDA:25,2,1,0
BRDA:28,3,0,0
BRDA:28,3,1,0
BRF:7
BRH:0
end_of_record
TN:
SF:src/modules/pets/services/ListPetsService.ts
FN:18,(anonymous_18)
FN:19,ListPetsService
FN:27,(anonymous_20)
FNF:3
FNH:0
FNDA:0,(anonymous_18)
FNDA:0,ListPetsService
FNDA:0,(anonymous_20)
DA:1,0
DA:3,0
DA:4,0
DA:18,0
DA:21,0
DA:24,0
DA:27,0
DA:30,0
DA:31,0
DA:33,0
DA:34,0
DA:37,0
DA:40,0
DA:41,0
DA:43,0
DA:51,0
DA:53,0
LF:17
LH:0
BRDA:27,0,0,0
BRDA:27,0,1,0
BRDA:27,1,0,0
BRDA:27,1,1,0
BRDA:40,2,0,0
BRDA:30,3,0,0
BRDA:30,3,1,0
BRDA:30,4,0,0
BRDA:30,4,1,0
BRDA:33,5,0,0
BRDA:33,5,1,0
BRF:11
BRH:0
end_of_record
TN:
SF:src/modules/pets/services/ShowPetService.ts
FN:8,(anonymous_18)
FN:10,ShowPetService
FN:15,(anonymous_20)
FNF:3
FNH:3
FNDA:1,(anonymous_18)
FNDA:2,ShowPetService
FNDA:3,(anonymous_20)
DA:1,1
DA:5,1
DA:8,1
DA:12,2
DA:15,1
DA:16,3
DA:18,3
DA:19,1
DA:22,2
DA:24,1
DA:26,1
LF:11
LH:11
BRDA:16,0,0,3
BRDA:18,1,0,1
BRDA:18,1,1,2
BRF:3
BRH:3
end_of_record
TN:
SF:src/modules/users/services/AuthenticateUserService.ts
FN:22,(anonymous_18)
FN:24,AuthenticateUserService
FN:32,(anonymous_20)
FNF:3
FNH:0
FNDA:0,(anonymous_18)
FNDA:0,AuthenticateUserService
FNDA:0,(anonymous_20)
DA:1,0
DA:2,0
DA:4,0
DA:5,0
DA:22,0
DA:26,0
DA:29,0
DA:32,0
DA:34,0
DA:36,0
DA:37,0
DA:40,0
DA:45,0
DA:46,0
DA:49,0
DA:51,0
DA:56,0
DA:59,0
DA:62,0
LF:19
LH:0
BRDA:34,0,0,0
BRDA:36,1,0,0
BRDA:36,1,1,0
BRDA:45,2,0,0
BRDA:45,2,1,0
BRF:5
BRH:0
end_of_record
TN:
SF:src/modules/users/services/CreateUserAdoptionRequestService.ts
FN:11,(anonymous_18)
FN:13,CreateUserAdoptionRequestService
FN:22,(anonymous_20)
FNF:3
FNH:0
FNDA:0,(anonymous_18)
FNDA:0,CreateUserAdoptionRequestService
FNDA:0,(anonymous_20)
DA:1,0
DA:3,0
DA:8,0
DA:11,0
DA:15,0
DA:18,0
DA:22,0
DA:24,0
DA:26,0
DA:27,0
DA:30,0
DA:31,0
DA:34,0
DA:41,0
DA:43,0
LF:15
LH:0
BRDA:24,0,0,0
BRDA:24,0,1,0
BRDA:26,1,0,0
BRDA:26,1,1,0
BRDA:30,2,0,0
BRDA:30,2,1,0
BRF:6
BRH:0
end_of_record
TN:
SF:src/modules/users/services/CreateUserService.ts
FN:17,(anonymous_18)
FN:18,CreateUserService
FN:29,(anonymous_20)
FNF:3
FNH:0
FNDA:0,(anonymous_18)
FNDA:0,CreateUserService
FNDA:0,(anonymous_20)
DA:3,0
DA:4,0
DA:17,0
DA:20,0
DA:23,0
DA:26,0
DA:29,0
DA:30,0
DA:32,0
DA:33,0
DA:36,0
DA:39,0
DA:46,0
DA:48,0
DA:50,0
DA:52,0
DA:56,0
DA:58,0
LF:18
LH:0
BRDA:30,0,0,0
BRDA:32,1,0,0
BRDA:32,1,1,0
BRF:3
BRH:0
end_of_record
TN:
SF:src/modules/users/services/EditUserPetStatusAdoptionRequestService.ts
FN:18,(anonymous_18)
FN:20,EditUserPetStatusAdoptionRequestService
FN:29,(anonymous_20)
FNF:3
FNH:0
FNDA:0,(anonymous_18)
FNDA:0,EditUserPetStatusAdoptionRequestService
FNDA:0,(anonymous_20)
DA:1,0
DA:3,0
DA:8,0
DA:18,0
DA:22,0
DA:25,0
DA:29,0
DA:31,0
DA:33,0
DA:34,0
DA:37,0
DA:39,0
DA:40,0
DA:43,0
DA:49,0
DA:51,0
LF:16
LH:0
BRDA:31,0,0,0
BRDA:31,0,1,0
BRDA:33,1,0,0
BRDA:33,1,1,0
BRDA:39,2,0,0
BRDA:39,2,1,0
BRDA:39,3,0,0
BRDA:39,3,1,0
BRF:8
BRH:0
end_of_record
TN:
SF:src/modules/users/services/EditUserStatusAdoptionRequestService.ts
FN:18,(anonymous_18)
FN:20,EditUserStatusAdoptionRequestService
FN:29,(anonymous_20)
FNF:3
FNH:0
FNDA:0,(anonymous_18)
FNDA:0,EditUserStatusAdoptionRequestService
FNDA:0,(anonymous_20)
DA:1,0
DA:3,0
DA:8,0
DA:18,0
DA:22,0
DA:25,0
DA:29,0
DA:31,0
DA:33,0
DA:34,0
DA:37,0
DA:38,0
DA:41,0
DA:47,0
DA:49,0
LF:15
LH:0
BRDA:31,0,0,0
BRDA:31,0,1,0
BRDA:33,1,0,0
BRDA:33,1,1,0
BRDA:37,2,0,0
BRDA:37,2,1,0
BRF:6
BRH:0
end_of_record
TN:
SF:src/modules/users/services/ListUserAdoptionRequestsService.ts
FN:8,(anonymous_17)
FN:10,ListUserAdoptionRequestsService
FN:15,(anonymous_19)
FNF:3
FNH:0
FNDA:0,(anonymous_17)
FNDA:0,ListUserAdoptionRequestsService
FNDA:0,(anonymous_19)
DA:1,0
DA:8,0
DA:12,0
DA:15,0
DA:16,0
DA:19,0
DA:21,0
LF:7
LH:0
BRDA:16,0,0,0
BRDA:16,0,1,0
BRF:2
BRH:0
end_of_record
TN:
SF:src/modules/users/services/ListUserPetAdoptionRequestsService.ts
FN:8,(anonymous_17)
FN:10,ListUserPetAdoptionRequestsService
FN:15,(anonymous_19)
FNF:3
FNH:0
FNDA:0,(anonymous_17)
FNDA:0,ListUserPetAdoptionRequestsService
FNDA:0,(anonymous_19)
DA:1,0
DA:8,0
DA:12,0
DA:15,0
DA:16,0
DA:19,0
DA:21,0
LF:7
LH:0
BRDA:16,0,0,0
BRDA:16,0,1,0
BRF:2
BRH:0
end_of_record
