TN:
SF:src/modules/cities/services/ListCitiesService.ts
FN:6,(anonymous_17)
FN:8,ListCitiesService
FN:13,(anonymous_19)
FNF:3
FNH:3
FNDA:1,(anonymous_17)
FNDA:1,ListCitiesService
FNDA:1,(anonymous_19)
DA:1,1
DA:6,1
DA:10,1
DA:13,1
DA:14,1
DA:16,1
DA:18,1
LF:7
LH:7
BRDA:14,0,0,1
BRDA:14,0,1,1
BRF:2
BRH:2
end_of_record
TN:
SF:src/modules/pets/services/CreatePetService.ts
FN:13,(anonymous_20)
FN:15,CreatePetService
FN:29,(anonymous_22)
FNF:3
FNH:3
FNDA:1,(anonymous_20)
FNDA:3,CreatePetService
FNDA:3,(anonymous_22)
DA:1,1
DA:6,1
DA:13,1
DA:17,3
DA:20,3
DA:23,3
DA:26,3
DA:29,3
DA:31,3
DA:33,3
DA:34,1
DA:37,2
DA:46,2
DA:48,3
DA:49,3
DA:50,1
DA:51,1
DA:52,1
DA:56,2
DA:59,1
DA:61,1
LF:21
LH:21
BRDA:31,0,0,3
BRDA:31,0,1,2
BRDA:33,1,0,1
BRDA:33,1,1,2
BRDA:48,2,0,1
BRDA:48,2,1,1
BRDA:49,3,0,1
BRDA:49,3,1,1
BRF:8
BRH:8
end_of_record
TN:
SF:src/modules/pets/services/DeletePetService.ts
FN:15,(anonymous_18)
FN:17,DeletePetService
FN:31,(anonymous_20)
FNF:3
FNH:3
FNDA:1,(anonymous_18)
FNDA:6,DeletePetService
FNDA:4,(anonymous_20)
DA:1,1
DA:4,1
DA:15,1
DA:19,6
DA:22,6
DA:25,6
DA:28,6
DA:31,4
DA:33,4
DA:35,4
DA:36,1
DA:39,3
DA:40,1
DA:43,4
DA:45,3
DA:46,3
DA:47,2
DA:48,2
DA:52,4
DA:55,1
DA:57,1
LF:21
LH:21
BRDA:33,0,0,4
BRDA:33,0,1,2
BRDA:35,1,0,1
BRDA:35,1,1,3
BRDA:39,2,0,1
BRDA:39,2,1,2
BRDA:45,3,0,1
BRDA:45,3,1,1
BRDA:46,4,0,1
BRDA:46,4,1,1
BRF:10
BRH:10
end_of_record
TN:
SF:src/modules/pets/services/ListBreedsService.ts
FN:13,(anonymous_17)
FN:14,ListBreedsService
FN:19,(anonymous_19)
FNF:3
FNH:3
FNDA:1,(anonymous_17)
FNDA:1,ListBreedsService
FNDA:1,(anonymous_19)
DA:4,1
DA:13,1
DA:16,1
DA:19,1
DA:21,1
DA:23,1
DA:25,1
DA:27,1
LF:8
LH:8
BRDA:21,0,0,1
BRF:1
BRH:1
end_of_record
TN:
SF:src/modules/pets/services/ListPetRecentsService.ts
FN:16,(anonymous_18)
FN:17,ListPetRecentsService
FN:25,(anonymous_20)
FNF:3
FNH:3
FNDA:1,(anonymous_18)
FNDA:2,ListPetRecentsService
FNDA:3,(anonymous_20)
DA:2,1
DA:3,1
DA:16,1
DA:19,2
DA:22,2
DA:25,3
DA:28,4
DA:29,2
DA:31,2
DA:32,1
DA:35,1
DA:38,2
DA:40,1
DA:42,1
LF:14
LH:14
BRDA:38,0,0,2
BRDA:38,0,1,2
BRDA:28,1,0,1
BRDA:28,1,1,2
BRDA:28,2,0,3
BRDA:28,2,1,2
BRDA:31,3,0,1
BRDA:31,3,1,1
BRF:8
BRH:8
end_of_record
TN:
SF:src/modules/pets/services/ListPetsLocationService.ts
FN:13,(anonymous_18)
FN:14,ListPetsLocationService
FN:22,(anonymous_20)
FNF:3
FNH:3
FNDA:1,(anonymous_18)
FNDA:2,ListPetsLocationService
FNDA:3,(anonymous_20)
DA:2,1
DA:3,1
DA:13,1
DA:16,2
DA:19,2
DA:22,3
DA:25,4
DA:26,2
DA:28,2
DA:29,1
DA:32,1
DA:38,2
DA:40,1
DA:42,1
LF:14
LH:14
BRDA:38,0,0,2
BRDA:25,1,0,1
BRDA:25,1,1,2
BRDA:25,2,0,3
BRDA:25,2,1,2
BRDA:28,3,0,1
BRDA:28,3,1,1
BRF:7
BRH:7
end_of_record
TN:
SF:src/modules/pets/services/ListPetsService.ts
FN:18,(anonymous_18)
FN:19,ListPetsService
FN:27,(anonymous_20)
FNF:3
FNH:3
FNDA:1,(anonymous_18)
FNDA:2,ListPetsService
FNDA:4,(anonymous_20)
DA:1,1
DA:3,1
DA:4,1
DA:18,1
DA:21,2
DA:24,2
DA:27,4
DA:30,6
DA:31,2
DA:33,2
DA:34,1
DA:37,1
DA:40,3
DA:41,3
DA:43,3
DA:51,1
DA:53,1
LF:17
LH:17
BRDA:27,0,0,3
BRDA:27,0,1,1
BRDA:27,1,0,3
BRDA:27,1,1,1
BRDA:40,2,0,3
BRDA:30,3,0,2
BRDA:30,3,1,2
BRDA:30,4,0,4
BRDA:30,4,1,2
BRDA:33,5,0,1
BRDA:33,5,1,1
BRF:11
BRH:11
end_of_record
TN:
SF:src/modules/pets/services/ListUserPetsService.ts
FN:12,(anonymous_17)
FN:13,ListUserPetsService
FN:21,(anonymous_19)
FNF:3
FNH:3
FNDA:1,(anonymous_17)
FNDA:1,ListUserPetsService
FNDA:2,(anonymous_19)
DA:3,1
DA:12,1
DA:15,1
DA:18,1
DA:21,2
DA:23,2
DA:26,1
DA:28,1
LF:8
LH:8
BRDA:23,0,0,2
BRDA:23,0,1,2
BRF:2
BRH:2
end_of_record
TN:
SF:src/modules/pets/services/ShowPetService.ts
FN:13,(anonymous_18)
FN:15,ShowPetService
FN:20,(anonymous_20)
FNF:3
FNH:3
FNDA:1,(anonymous_18)
FNDA:2,ShowPetService
FNDA:3,(anonymous_20)
DA:1,1
DA:5,1
DA:13,1
DA:17,2
DA:20,3
DA:21,3
DA:23,3
DA:24,1
DA:27,2
DA:29,1
DA:31,1
LF:11
LH:11
BRDA:21,0,0,3
BRDA:23,1,0,1
BRDA:23,1,1,2
BRF:3
BRH:3
end_of_record
TN:
SF:src/modules/pets/services/UpdatePetService.ts
FN:13,(anonymous_20)
FN:15,UpdatePetService
FN:29,(anonymous_22)
FNF:3
FNH:3
FNDA:1,(anonymous_20)
FNDA:7,UpdatePetService
FNDA:7,(anonymous_22)
DA:1,1
DA:5,1
DA:6,1
DA:13,1
DA:17,7
DA:20,7
DA:23,7
DA:26,7
DA:29,7
DA:31,7
DA:33,7
DA:34,1
DA:37,6
DA:39,6
DA:40,1
DA:43,5
DA:44,1
DA:47,4
DA:48,4
DA:49,4
DA:50,4
DA:51,4
DA:52,4
DA:54,4
DA:56,6
DA:57,6
DA:58,2
DA:59,3
DA:60,2
DA:61,2
DA:66,4
DA:68,8
DA:69,8
DA:70,7
DA:74,5
DA:75,9
DA:76,3
DA:77,3
DA:78,3
DA:82,4
DA:85,1
DA:87,1
LF:42
LH:42
BRDA:31,0,0,7
BRDA:31,0,1,4
BRDA:33,1,0,1
BRDA:33,1,1,6
BRDA:39,2,0,1
BRDA:39,2,1,5
BRDA:43,3,0,1
BRDA:43,3,1,4
BRDA:56,4,0,2
BRDA:56,4,1,2
BRDA:57,5,0,2
BRDA:57,5,1,2
BRDA:59,6,0,1
BRDA:59,6,1,1
BRDA:69,7,0,7
BRDA:69,7,1,1
BRDA:69,8,0,4
BRDA:69,8,1,4
BRDA:69,9,0,8
BRDA:69,9,1,8
BRDA:74,10,0,1
BRDA:74,10,1,3
BRDA:75,11,0,3
BRDA:75,11,1,3
BRF:24
BRH:24
end_of_record
TN:
SF:src/modules/users/services/AuthenticateUserService.ts
FN:22,(anonymous_18)
FN:24,AuthenticateUserService
FN:32,(anonymous_20)
FNF:3
FNH:3
FNDA:1,(anonymous_18)
FNDA:3,AuthenticateUserService
FNDA:3,(anonymous_20)
DA:1,1
DA:2,1
DA:4,1
DA:5,1
DA:22,1
DA:26,3
DA:29,3
DA:32,3
DA:34,3
DA:36,3
DA:37,1
DA:40,2
DA:45,2
DA:46,1
DA:49,1
DA:51,1
DA:56,1
DA:59,1
DA:62,1
LF:19
LH:19
BRDA:34,0,0,3
BRDA:36,1,0,1
BRDA:36,1,1,2
BRDA:45,2,0,1
BRDA:45,2,1,1
BRF:5
BRH:5
end_of_record
TN:
SF:src/modules/users/services/CreateUserAdoptionRequestService.ts
FN:11,(anonymous_18)
FN:13,CreateUserAdoptionRequestService
FN:22,(anonymous_20)
FNF:3
FNH:3
FNDA:2,(anonymous_18)
FNDA:7,CreateUserAdoptionRequestService
FNDA:4,(anonymous_20)
DA:1,2
DA:3,2
DA:8,2
DA:11,2
DA:15,7
DA:18,7
DA:22,4
DA:24,4
DA:26,4
DA:27,1
DA:30,3
DA:31,1
DA:34,2
DA:36,2
DA:37,1
DA:40,1
DA:47,2
DA:49,2
LF:18
LH:18
BRDA:24,0,0,4
BRDA:24,0,1,1
BRDA:26,1,0,1
BRDA:26,1,1,3
BRDA:30,2,0,1
BRDA:30,2,1,2
BRDA:36,3,0,1
BRDA:36,3,1,1
BRF:8
BRH:8
end_of_record
TN:
SF:src/modules/users/services/CreateUserService.ts
FN:18,(anonymous_18)
FN:19,CreateUserService
FN:30,(anonymous_20)
FNF:3
FNH:3
FNDA:1,(anonymous_18)
FNDA:4,CreateUserService
FNDA:3,(anonymous_20)
DA:3,1
DA:4,1
DA:18,1
DA:21,4
DA:24,4
DA:27,4
DA:30,3
DA:31,3
DA:33,3
DA:34,1
DA:37,2
DA:40,2
DA:48,1
DA:50,1
DA:52,1
DA:54,1
DA:58,1
DA:60,1
LF:18
LH:18
BRDA:31,0,0,3
BRDA:33,1,0,1
BRDA:33,1,1,2
BRF:3
BRH:3
end_of_record
TN:
SF:src/modules/users/services/EditUserPetStatusAdoptionRequestService.ts
FN:19,(anonymous_18)
FN:21,EditUserPetStatusAdoptionRequestService
FN:30,(anonymous_20)
FNF:3
FNH:3
FNDA:1,(anonymous_18)
FNDA:4,EditUserPetStatusAdoptionRequestService
FNDA:4,(anonymous_20)
DA:1,1
DA:3,1
DA:4,1
DA:9,1
DA:19,1
DA:23,4
DA:26,4
DA:30,4
DA:32,4
DA:34,4
DA:35,1
DA:38,3
DA:40,3
DA:41,1
DA:44,3
DA:45,1
DA:46,2
DA:49,2
DA:55,1
DA:57,1
LF:20
LH:20
BRDA:32,0,0,4
BRDA:32,0,1,2
BRDA:32,0,2,2
BRDA:34,1,0,1
BRDA:34,1,1,3
BRDA:40,2,0,1
BRDA:40,2,1,2
BRDA:40,3,0,3
BRDA:40,3,1,3
BRDA:44,4,0,1
BRDA:44,4,1,1
BRF:11
BRH:11
end_of_record
TN:
SF:src/modules/users/services/EditUserStatusAdoptionRequestService.ts
FN:18,(anonymous_18)
FN:20,EditUserStatusAdoptionRequestService
FN:29,(anonymous_20)
FNF:3
FNH:3
FNDA:1,(anonymous_18)
FNDA:3,EditUserStatusAdoptionRequestService
FNDA:3,(anonymous_20)
DA:1,1
DA:3,1
DA:8,1
DA:18,1
DA:22,3
DA:25,3
DA:29,3
DA:31,3
DA:33,3
DA:34,1
DA:37,2
DA:38,1
DA:41,1
DA:47,1
DA:49,1
LF:15
LH:15
BRDA:31,0,0,3
BRDA:31,0,1,1
BRDA:33,1,0,1
BRDA:33,1,1,2
BRDA:37,2,0,1
BRDA:37,2,1,1
BRF:6
BRH:6
end_of_record
TN:
SF:src/modules/users/services/ListUserAdoptionRequestsService.ts
FN:8,(anonymous_17)
FN:10,ListUserAdoptionRequestsService
FN:15,(anonymous_19)
FNF:3
FNH:3
FNDA:1,(anonymous_17)
FNDA:1,ListUserAdoptionRequestsService
FNDA:1,(anonymous_19)
DA:1,1
DA:8,1
DA:12,1
DA:15,1
DA:16,1
DA:19,1
DA:21,1
LF:7
LH:7
BRDA:16,0,0,1
BRDA:16,0,1,1
BRF:2
BRH:2
end_of_record
TN:
SF:src/modules/users/services/ListUserPetAdoptionRequestsService.ts
FN:8,(anonymous_17)
FN:10,ListUserPetAdoptionRequestsService
FN:15,(anonymous_19)
FNF:3
FNH:3
FNDA:1,(anonymous_17)
FNDA:1,ListUserPetAdoptionRequestsService
FNDA:1,(anonymous_19)
DA:1,1
DA:8,1
DA:12,1
DA:15,1
DA:16,1
DA:19,1
DA:21,1
LF:7
LH:7
BRDA:16,0,0,1
BRDA:16,0,1,1
BRF:2
BRH:2
end_of_record
TN:
SF:src/modules/users/services/ShowUserProfileByIdService.ts
FN:12,(anonymous_18)
FN:13,ShowUserProfileById
FN:21,(anonymous_20)
FNF:3
FNH:3
FNDA:1,(anonymous_18)
FNDA:2,ShowUserProfileById
FNDA:2,(anonymous_20)
DA:1,1
DA:4,1
DA:12,1
DA:15,2
DA:18,2
DA:21,1
DA:22,2
DA:24,2
DA:25,1
DA:28,1
DA:30,1
DA:32,1
LF:12
LH:12
BRDA:22,0,0,2
BRDA:24,1,0,1
BRDA:24,1,1,1
BRF:3
BRH:3
end_of_record
TN:
SF:src/modules/users/services/UpdateUserProfileByIdService.ts
FN:16,(anonymous_18)
FN:17,UpdateUserProfileByIdService
FN:28,(anonymous_20)
FNF:3
FNH:3
FNDA:1,(anonymous_18)
FNDA:4,UpdateUserProfileByIdService
FNDA:5,(anonymous_20)
DA:3,1
DA:4,1
DA:16,1
DA:19,4
DA:22,4
DA:25,4
DA:28,5
DA:29,5
DA:31,5
DA:32,1
DA:35,4
DA:37,4
DA:38,1
DA:41,3
DA:42,3
DA:44,3
DA:45,3
DA:47,4
DA:48,3
DA:49,2
DA:52,2
DA:53,2
DA:57,3
DA:59,1
DA:61,1
LF:25
LH:25
BRDA:29,0,0,5
BRDA:29,0,1,2
BRDA:29,0,2,3
BRDA:29,0,3,3
BRDA:31,1,0,1
BRDA:31,1,1,4
BRDA:37,2,0,1
BRDA:37,2,1,3
BRDA:47,3,0,1
BRDA:47,3,1,2
BRDA:48,4,0,1
BRDA:48,4,1,1
BRF:12
BRH:12
end_of_record
